[00:30:26] [Server thread/INFO]: Server Backup started!
[00:30:26] [Client thread/INFO]: [CHAT] Server Backup started!
[00:30:26] [File IO Thread/INFO]: Backing up 253 files...
[00:30:26] [File IO Thread/INFO]: Compressing 253 files...
[00:30:27] [File IO Thread/INFO]: Done compressing in 00:01 seconds (27.7MB)!
[00:30:27] [File IO Thread/INFO]: Created C:\Users\Naboto\curseforge\minecraft\Instances\How To Build A PC\backups\2023-01-18-00-30-26.zip from C:\Users\Naboto\curseforge\minecraft\Instances\How To Build A PC\saves\1 Superflat
[00:30:27] [File IO Thread/INFO]: Server backup done in 00:01! (27.7MB | 95.9MB)
[00:30:27] [Client thread/INFO]: [CHAT] Server backup done in 00:01! (27.7MB | 95.9MB)
[01:23:10] [Server thread/INFO]: NabotoGaming lost connection: Disconnected
[01:23:10] [Server thread/INFO]: NabotoGaming left the game
[01:23:10] [Client thread/INFO]: Mapping halted in C:\Users\Naboto\curseforge\minecraft\Instances\How To Build A PC\journeymap\data\sp\1 Superflat\DIM0
[01:23:10] [Server thread/INFO]: Stopping singleplayer server as player logged out
[01:23:10] [Server thread/INFO]: [lain.mods.cos.InventoryManager:onServerStopping:234]: Server is stopping... force saving all loaded CosmeticArmor data.
[01:23:10] [Server thread/INFO]: [lain.mods.cos.InventoryManager:onServerStopping:237]: b24ac517-1f03-41fc-be6b-71039f2f2f1b
[01:23:10] [Server thread/INFO]: [lain.mods.cos.InventoryManager:onServerStopping:237]: a5ae9f21-af5d-49ea-b6c8-09f039af6301
[01:23:10] [Server thread/INFO]: Stopping threads
[01:23:10] [Server thread/INFO]: Stopping server
[01:23:10] [Server thread/INFO]: Saving players
[01:23:10] [Server thread/INFO]: Saving worlds
[01:23:10] [Server thread/INFO]: Saving chunks for level 'Superflat'/overworld
[01:23:10] [Server thread/INFO]: Saving chunks for level 'Superflat'/ExtraUtils2_Quarry_Dim
[01:23:10] [Server thread/INFO]: Saving chunks for level 'Superflat'/Storage Cell
[01:23:10] [Server thread/INFO]: Removing aura cache for world 0
[01:23:10] [Server thread/INFO]: Removing aura cache for world -9999
[01:23:10] [Server thread/INFO]: Removing aura cache for world 7
[01:23:10] [Server thread/INFO]: Unloading dimension 0
[01:23:10] [Server thread/INFO]: Unloading dimension -9999
[01:23:10] [Server thread/INFO]: Unloading dimension 7
[01:23:11] [Thread-62/WARN]: No auras found!
[01:23:11] [Thread-52/WARN]: No auras found!
[01:23:11] [Thread-59/WARN]: No auras found!
[01:23:11] [Thread-52/INFO]: Stopping aura thread for dim 0
[01:23:11] [Thread-62/INFO]: Stopping aura thread for dim 7
[01:23:11] [Thread-59/INFO]: Stopping aura thread for dim -9999
[01:23:13] [Server thread/INFO]: JEI search tree manager injection complete!
[01:23:14] [Server thread/INFO]: Applying holder lookups
[01:23:14] [Server thread/INFO]: Holder lookups applied
[01:23:14] [Server thread/INFO]: Unloaded WorldData!
[01:23:14] [Server thread/INFO]: Server Closing...
[01:23:17] [Client thread/INFO]: Stopping!
[01:23:17] [Client thread/INFO]: SoundSystem shutting down...
[01:23:17] [Client thread/WARN]: Author: Paul Lamb, www.paulscode.com
[01:23:17] [CraftPresence-ShutDown-Handler/INFO]: Shutting down CraftPresence...
